  Assembling GrayScaleAsmLib.asm...
GrayScaleAsmLib.asm(1): error A2013: .MODEL must precede this directive
GrayScaleAsmLib.asm(2): error A2034: must be in segment block
GrayScaleAsmLib.asm(3): error A2034: must be in segment block
GrayScaleAsmLib.asm(4): error A2034: must be in segment block
GrayScaleAsmLib.asm(5): error A2034: must be in segment block
GrayScaleAsmLib.asm(6): error A2034: must be in segment block
GrayScaleAsmLib.asm(7): error A2034: must be in segment block
GrayScaleAsmLib.asm(8): error A2034: must be in segment block
GrayScaleAsmLib.asm(9): error A2034: must be in segment block
GrayScaleAsmLib.asm(10): error A2034: must be in segment block
GrayScaleAsmLib.asm(11): error A2034: must be in segment block
GrayScaleAsmLib.asm(12): error A2013: .MODEL must precede this directive
GrayScaleAsmLib.asm(24): error A2034: must be in segment block : getGrayScaleAsm1
GrayScaleAsmLib.asm(25): error A2034: must be in segment block
GrayScaleAsmLib.asm(26): error A2034: must be in segment block
GrayScaleAsmLib.asm(27): error A2034: must be in segment block
GrayScaleAsmLib.asm(28): error A2034: must be in segment block
GrayScaleAsmLib.asm(29): error A2034: must be in segment block
GrayScaleAsmLib.asm(30): error A2034: must be in segment block
GrayScaleAsmLib.asm(32): error A2034: must be in segment block
GrayScaleAsmLib.asm(33): error A2034: must be in segment block
GrayScaleAsmLib.asm(34): error A2034: must be in segment block
GrayScaleAsmLib.asm(35): error A2034: must be in segment block
GrayScaleAsmLib.asm(37): error A2034: must be in segment block
GrayScaleAsmLib.asm(38): error A2034: must be in segment block
GrayScaleAsmLib.asm(39): error A2034: must be in segment block
GrayScaleAsmLib.asm(40): error A2034: must be in segment block
GrayScaleAsmLib.asm(42): error A2034: must be in segment block
GrayScaleAsmLib.asm(43): fatal error A1010: unmatched block nesting : getGrayScaleAsm1
C:\Program Files (x86)\Microsoft Visual Studio\2019\Community\MSBuild\Microsoft\VC\v160\BuildCustomizations\masm.targets(70,5): error MSB3721: The command "ml.exe /c /nologo /Zi /Fo"Release\GrayScaleAsmLib.obj" /W3 /errorReport:prompt  /TaGrayScaleAsmLib.asm" exited with code 1.
